2023-04-04 00:24:12,423 [main] INFO  [com.alibaba.nacos.common.remote.client] RpcClientFactory.java:80 - [RpcClientFactory] create a new rpc client of d8b2c59a-7ddc-47d1-a373-f080003a26b1_config-0
2023-04-04 00:24:12,550 [main] INFO  [org.reflections.Reflections] Reflections.java:232 - Reflections took 49 ms to scan 1 urls, producing 3 keys and 6 values 
2023-04-04 00:24:12,597 [main] INFO  [org.reflections.Reflections] Reflections.java:232 - Reflections took 16 ms to scan 1 urls, producing 4 keys and 9 values 
2023-04-04 00:24:12,597 [main] INFO  [org.reflections.Reflections] Reflections.java:232 - Reflections took 0 ms to scan 1 urls, producing 3 keys and 10 values 
2023-04-04 00:24:12,960 [main] INFO  [org.reflections.Reflections] Reflections.java:232 - Reflections took 347 ms to scan 125 urls, producing 0 keys and 0 values 
2023-04-04 00:24:12,976 [main] INFO  [org.reflections.Reflections] Reflections.java:232 - Reflections took 16 ms to scan 1 urls, producing 1 keys and 5 values 
2023-04-04 00:24:12,991 [main] INFO  [org.reflections.Reflections] Reflections.java:232 - Reflections took 15 ms to scan 1 urls, producing 1 keys and 7 values 
2023-04-04 00:24:13,007 [main] INFO  [org.reflections.Reflections] Reflections.java:232 - Reflections took 16 ms to scan 1 urls, producing 2 keys and 8 values 
2023-04-04 00:24:13,116 [main] INFO  [org.reflections.Reflections] Reflections.java:232 - Reflections took 109 ms to scan 125 urls, producing 0 keys and 0 values 
2023-04-04 00:24:13,116 [main] INFO  [com.alibaba.nacos.common.remote.client] LoggerUtils.java:60 - [d8b2c59a-7ddc-47d1-a373-f080003a26b1_config-0] RpcClient init label, labels = {module=config, Vipserver-Tag=null, source=sdk, Amory-Tag=null, Location-Tag=null, taskId=0, AppName=unknown}
2023-04-04 00:24:13,116 [main] INFO  [com.alibaba.nacos.common.remote.client] LoggerUtils.java:60 - [d8b2c59a-7ddc-47d1-a373-f080003a26b1_config-0] Register server push request handler:com.alibaba.nacos.client.config.impl.ClientWorker$ConfigRpcTransportClient$$Lambda$324/690822257
2023-04-04 00:24:13,116 [main] INFO  [com.alibaba.nacos.common.remote.client] LoggerUtils.java:60 - [d8b2c59a-7ddc-47d1-a373-f080003a26b1_config-0] Register server push request handler:com.alibaba.nacos.client.config.impl.ClientWorker$ConfigRpcTransportClient$$Lambda$325/726212590
2023-04-04 00:24:13,116 [main] INFO  [com.alibaba.nacos.common.remote.client] LoggerUtils.java:60 - [d8b2c59a-7ddc-47d1-a373-f080003a26b1_config-0] Registry connection listener to current client:com.alibaba.nacos.client.config.impl.ClientWorker$ConfigRpcTransportClient$1
2023-04-04 00:24:13,116 [main] INFO  [com.alibaba.nacos.common.remote.client] LoggerUtils.java:60 - [d8b2c59a-7ddc-47d1-a373-f080003a26b1_config-0] RpcClient init, ServerListFactory = com.alibaba.nacos.client.config.impl.ClientWorker$ConfigRpcTransportClient$2
2023-04-04 00:24:13,134 [main] INFO  [com.alibaba.nacos.common.remote.client] LoggerUtils.java:60 - [d8b2c59a-7ddc-47d1-a373-f080003a26b1_config-0] Try to connect to server on start up, server: {serverIp = '101.43.175.25', server main port = 8848}
2023-04-04 00:24:15,529 [main] INFO  [com.alibaba.nacos.common.remote.client] LoggerUtils.java:60 - [d8b2c59a-7ddc-47d1-a373-f080003a26b1_config-0] Success to connect to server [101.43.175.25:8848] on start up, connectionId = 1680539055115_219.143.128.174_18344
2023-04-04 00:24:15,529 [com.alibaba.nacos.client.remote.worker] INFO  [com.alibaba.nacos.common.remote.client] LoggerUtils.java:60 - [d8b2c59a-7ddc-47d1-a373-f080003a26b1_config-0] Notify connected event to listeners.
2023-04-04 00:24:15,529 [main] INFO  [com.alibaba.nacos.common.remote.client] LoggerUtils.java:60 - [d8b2c59a-7ddc-47d1-a373-f080003a26b1_config-0] Register server push request handler:com.alibaba.nacos.common.remote.client.RpcClient$ConnectResetRequestHandler
2023-04-04 00:24:15,530 [main] INFO  [com.alibaba.nacos.common.remote.client] LoggerUtils.java:60 - [d8b2c59a-7ddc-47d1-a373-f080003a26b1_config-0] Register server push request handler:com.alibaba.nacos.common.remote.client.RpcClient$$Lambda$333/1719547057
2023-04-04 00:24:15,614 [main] WARN  [c.a.cloud.nacos.client.NacosPropertySourceBuilder] NacosPropertySourceBuilder.java:87 - Ignore the empty nacos configuration and get it based on dataId[test1-dev.yaml] & group[DDGOTXDY_GROUP]
2023-04-04 00:24:15,629 [main] WARN  [c.a.cloud.nacos.client.NacosPropertySourceBuilder] NacosPropertySourceBuilder.java:87 - Ignore the empty nacos configuration and get it based on dataId[blog-api] & group[DDGOTXDY_GROUP]
2023-04-04 00:24:15,651 [main] WARN  [c.a.cloud.nacos.client.NacosPropertySourceBuilder] NacosPropertySourceBuilder.java:87 - Ignore the empty nacos configuration and get it based on dataId[blog-api-dev.yaml] & group[DDGOTXDY_GROUP]
2023-04-04 00:24:15,651 [main] INFO  [o.s.c.b.c.PropertySourceBootstrapConfiguration] PropertySourceBootstrapConfiguration.java:109 - Located property source: [BootstrapPropertySource@1620187937 {name='bootstrapProperties-blog-api-dev.yaml,DDGOTXDY_GROUP', properties={}}, BootstrapPropertySource@198374825 {name='bootstrapProperties-blog-api.yaml,DDGOTXDY_GROUP', properties={spring.mvc.pathmatch.matching-strategy=ANT_PATH_MATCHER}}, BootstrapPropertySource@1296654536 {name='bootstrapProperties-blog-api,DDGOTXDY_GROUP', properties={}}, BootstrapPropertySource@125865913 {name='bootstrapProperties-test1-dev.yaml,DDGOTXDY_GROUP', properties={}}]
2023-04-04 00:24:15,651 [main] INFO  [top.ddgotxdy.api.BlogApiApplication] SpringApplication.java:651 - The following 1 profile is active: "dev"
2023-04-04 00:24:17,401 [main] INFO  [o.springframework.cloud.context.scope.GenericScope] GenericScope.java:283 - BeanFactory id=464e5921-4cf4-3a1e-b10e-b0d9ecabb629
2023-04-04 00:24:17,781 [main] INFO  [o.s.boot.web.embedded.tomcat.TomcatWebServer] TomcatWebServer.java:108 - Tomcat initialized with port(s): 28081 (http)
2023-04-04 00:24:17,797 [main] INFO  [org.apache.coyote.http11.Http11NioProtocol] DirectJDKLog.java:173 - Initializing ProtocolHandler ["http-nio-28081"]
2023-04-04 00:24:17,812 [main] INFO  [org.apache.catalina.core.StandardService] DirectJDKLog.java:173 - Starting service [Tomcat]
2023-04-04 00:24:17,812 [main] INFO  [org.apache.catalina.core.StandardEngine] DirectJDKLog.java:173 - Starting Servlet engine: [Apache Tomcat/9.0.65]
2023-04-04 00:24:18,160 [main] INFO  [o.a.c.core.ContainerBase.[Tomcat].[localhost].[/]] DirectJDKLog.java:173 - Initializing Spring embedded WebApplicationContext
2023-04-04 00:24:18,160 [main] INFO  [o.s.b.w.s.c.ServletWebServerApplicationContext] ServletWebServerApplicationContext.java:290 - Root WebApplicationContext: initialization completed in 2446 ms
2023-04-04 00:24:18,451 [main] INFO  [o.s.cloud.openfeign.FeignClientFactoryBean] FeignClientFactoryBean.java:418 - For 'BlogArticleClient' URL not provided. Will try picking an instance via load-balancing.
2023-04-04 00:24:18,798 [main] INFO  [s.d.s.w.PropertySourcedRequestMappingHandlerMapping] PropertySourcedRequestMappingHandlerMapping.java:69 - Mapped URL path [/v2/api-docs] onto method [springfox.documentation.swagger2.web.Swagger2Controller#getDocumentation(String, HttpServletRequest)]
2023-04-04 00:24:19,907 [main] WARN  [o.s.c.l.c.LoadBalancerCacheAutoConfiguration$LoadBalancerCaffeineWarnLogger] LoadBalancerCacheAutoConfiguration.java:82 - Spring Cloud LoadBalancer is currently working with the default cache. While this cache implementation is useful for development and tests, it's recommended to use Caffeine cache in production.You can switch to using Caffeine cache, by adding it and org.springframework.cache.caffeine.CaffeineCacheManager to the classpath.
2023-04-04 00:24:19,985 [main] INFO  [com.alibaba.nacos.common.remote.client] RpcClientFactory.java:80 - [RpcClientFactory] create a new rpc client of 3cd20a15-202a-4f1e-be43-4c16a6733067
2023-04-04 00:24:19,985 [main] INFO  [com.alibaba.nacos.common.remote.client] LoggerUtils.java:60 - [3cd20a15-202a-4f1e-be43-4c16a6733067] RpcClient init label, labels = {module=naming, source=sdk}
2023-04-04 00:24:20,001 [main] INFO  [com.alibaba.nacos.common.remote.client] LoggerUtils.java:60 - [3cd20a15-202a-4f1e-be43-4c16a6733067] RpcClient init, ServerListFactory = com.alibaba.nacos.client.naming.core.ServerListManager
2023-04-04 00:24:20,001 [main] INFO  [com.alibaba.nacos.common.remote.client] LoggerUtils.java:60 - [3cd20a15-202a-4f1e-be43-4c16a6733067] Registry connection listener to current client:com.alibaba.nacos.client.naming.remote.gprc.redo.NamingGrpcRedoService
2023-04-04 00:24:20,001 [main] INFO  [com.alibaba.nacos.common.remote.client] LoggerUtils.java:60 - [3cd20a15-202a-4f1e-be43-4c16a6733067] Register server push request handler:com.alibaba.nacos.client.naming.remote.gprc.NamingPushRequestHandler
2023-04-04 00:24:20,001 [main] INFO  [com.alibaba.nacos.common.remote.client] LoggerUtils.java:60 - [3cd20a15-202a-4f1e-be43-4c16a6733067] Try to connect to server on start up, server: {serverIp = '101.43.175.25', server main port = 8848}
2023-04-04 00:24:20,144 [main] INFO  [com.alibaba.nacos.common.remote.client] LoggerUtils.java:60 - [3cd20a15-202a-4f1e-be43-4c16a6733067] Success to connect to server [101.43.175.25:8848] on start up, connectionId = 1680539059868_219.143.128.174_18357
2023-04-04 00:24:20,144 [main] INFO  [com.alibaba.nacos.common.remote.client] LoggerUtils.java:60 - [3cd20a15-202a-4f1e-be43-4c16a6733067] Register server push request handler:com.alibaba.nacos.common.remote.client.RpcClient$ConnectResetRequestHandler
2023-04-04 00:24:20,144 [com.alibaba.nacos.client.remote.worker] INFO  [com.alibaba.nacos.common.remote.client] LoggerUtils.java:60 - [3cd20a15-202a-4f1e-be43-4c16a6733067] Notify connected event to listeners.
2023-04-04 00:24:20,144 [main] INFO  [com.alibaba.nacos.common.remote.client] LoggerUtils.java:60 - [3cd20a15-202a-4f1e-be43-4c16a6733067] Register server push request handler:com.alibaba.nacos.common.remote.client.RpcClient$$Lambda$333/1719547057
2023-04-04 00:24:20,191 [main] INFO  [org.apache.coyote.http11.Http11NioProtocol] DirectJDKLog.java:173 - Starting ProtocolHandler ["http-nio-28081"]
2023-04-04 00:24:20,206 [main] INFO  [o.s.boot.web.embedded.tomcat.TomcatWebServer] TomcatWebServer.java:220 - Tomcat started on port(s): 28081 (http) with context path ''
2023-04-04 00:24:20,222 [main] INFO  [c.a.cloud.nacos.registry.NacosServiceRegistry] NacosServiceRegistry.java:75 - nacos registry, DEFAULT_GROUP blog-api 192.168.69.1:28081 register finished
2023-04-04 00:24:20,666 [main] INFO  [s.d.s.web.plugins.DocumentationPluginsBootstrapper] DocumentationPluginsBootstrapper.java:160 - Context refreshed
2023-04-04 00:24:20,682 [main] INFO  [s.d.s.web.plugins.DocumentationPluginsBootstrapper] DocumentationPluginsBootstrapper.java:163 - Found 1 custom documentation plugin(s)
2023-04-04 00:24:20,713 [main] INFO  [s.d.spring.web.scanners.ApiListingReferenceScanner] ApiListingReferenceScanner.java:41 - Scanning for api listing references
2023-04-04 00:24:20,807 [nacos-grpc-client-executor-11] INFO  [com.alibaba.nacos.common.remote.client] LoggerUtils.java:60 - [3cd20a15-202a-4f1e-be43-4c16a6733067] Receive server push request, request = NotifySubscriberRequest, requestId = 75
2023-04-04 00:24:20,807 [nacos-grpc-client-executor-11] INFO  [com.alibaba.nacos.common.remote.client] LoggerUtils.java:60 - [3cd20a15-202a-4f1e-be43-4c16a6733067] Ack server push request, request = NotifySubscriberRequest, requestId = 75
2023-04-04 00:24:20,936 [main] INFO  [top.ddgotxdy.api.BlogApiApplication] StartupInfoLogger.java:61 - Started BlogApiApplication in 11.097 seconds (JVM running for 13.09)
2023-04-04 00:24:20,936 [main] INFO  [c.a.cloud.nacos.refresh.NacosContextRefresher] NacosContextRefresher.java:129 - [Nacos Config] Listening config: dataId=blog-api-dev.yaml, group=DDGOTXDY_GROUP
2023-04-04 00:24:20,936 [main] INFO  [c.a.cloud.nacos.refresh.NacosContextRefresher] NacosContextRefresher.java:129 - [Nacos Config] Listening config: dataId=blog-api.yaml, group=DDGOTXDY_GROUP
2023-04-04 00:24:20,936 [main] INFO  [c.a.cloud.nacos.refresh.NacosContextRefresher] NacosContextRefresher.java:129 - [Nacos Config] Listening config: dataId=test1-dev.yaml, group=DDGOTXDY_GROUP
2023-04-04 00:24:20,936 [main] INFO  [c.a.cloud.nacos.refresh.NacosContextRefresher] NacosContextRefresher.java:129 - [Nacos Config] Listening config: dataId=blog-api, group=DDGOTXDY_GROUP
2023-04-04 00:24:30,448 [http-nio-28081-exec-3] INFO  [o.a.c.core.ContainerBase.[Tomcat].[localhost].[/]] DirectJDKLog.java:173 - Initializing Spring DispatcherServlet 'dispatcherServlet'
2023-04-04 00:24:30,448 [http-nio-28081-exec-3] INFO  [org.springframework.web.servlet.DispatcherServlet] FrameworkServlet.java:525 - Initializing Servlet 'dispatcherServlet'
2023-04-04 00:24:30,449 [http-nio-28081-exec-3] INFO  [org.springframework.web.servlet.DispatcherServlet] FrameworkServlet.java:547 - Completed initialization in 1 ms
2023-04-04 00:24:30,480 [http-nio-28081-exec-3] WARN  [o.s.w.s.m.support.DefaultHandlerExceptionResolver] AbstractHandlerExceptionResolver.java:208 - Resolved [org.springframework.web.HttpRequestMethodNotSupportedException: Request method 'GET' not supported]
2023-04-04 00:24:43,021 [http-nio-28081-exec-2] WARN  [o.s.cloud.loadbalancer.core.RoundRobinLoadBalancer] RoundRobinLoadBalancer.java:98 - No servers available for service: BlogArticleClient
2023-04-04 00:24:43,023 [http-nio-28081-exec-2] WARN  [o.s.c.o.l.FeignBlockingLoadBalancerClient] FeignBlockingLoadBalancerClient.java:103 - Load balancer does not contain an instance for the service BlogArticleClient
2023-04-04 00:24:43,144 [http-nio-28081-exec-2] ERROR [o.a.c.c.C.[.[localhost].[/].[dispatcherServlet]] DirectJDKLog.java:175 - Servlet.service() for servlet [dispatcherServlet] in context with path [] threw exception [Request processing failed; nested exception is feign.FeignException$ServiceUnavailable: [503] during [POST] to [http://BlogArticleClient/openfeign/article/list] [BlogArticleClient#getArticleList()]: [Load balancer does not contain an instance for the service BlogArticleClient]] with root cause
feign.FeignException$ServiceUnavailable: [503] during [POST] to [http://BlogArticleClient/openfeign/article/list] [BlogArticleClient#getArticleList()]: [Load balancer does not contain an instance for the service BlogArticleClient]
	at feign.FeignException.serverErrorStatus(FeignException.java:256)
	at feign.FeignException.errorStatus(FeignException.java:197)
	at feign.FeignException.errorStatus(FeignException.java:185)
	at feign.codec.ErrorDecoder$Default.decode(ErrorDecoder.java:92)
	at feign.AsyncResponseHandler.handleResponse(AsyncResponseHandler.java:96)
	at feign.SynchronousMethodHandler.executeAndDecode(SynchronousMethodHandler.java:138)
	at feign.SynchronousMethodHandler.invoke(SynchronousMethodHandler.java:89)
	at feign.ReflectiveFeign$FeignInvocationHandler.invoke(ReflectiveFeign.java:100)
	at com.sun.proxy.$Proxy92.getArticleList(Unknown Source)
	at top.ddgotxdy.api.service.impl.BlogArticleBizServiceImpl.getArticleList(BlogArticleBizServiceImpl.java:27)
	at top.ddgotxdy.api.controller.ArticleController.getArticleList(ArticleController.java:29)
	at sun.reflect.NativeMethodAccessorImpl.invoke0(Native Method)
	at sun.reflect.NativeMethodAccessorImpl.invoke(NativeMethodAccessorImpl.java:62)
	at sun.reflect.DelegatingMethodAccessorImpl.invoke(DelegatingMethodAccessorImpl.java:43)
	at java.lang.reflect.Method.invoke(Method.java:498)
	at org.springframework.web.method.support.InvocableHandlerMethod.doInvoke(InvocableHandlerMethod.java:205)
	at org.springframework.web.method.support.InvocableHandlerMethod.invokeForRequest(InvocableHandlerMethod.java:150)
	at org.springframework.web.servlet.mvc.method.annotation.ServletInvocableHandlerMethod.invokeAndHandle(ServletInvocableHandlerMethod.java:117)
	at org.springframework.web.servlet.mvc.method.annotation.RequestMappingHandlerAdapter.invokeHandlerMethod(RequestMappingHandlerAdapter.java:895)
	at org.springframework.web.servlet.mvc.method.annotation.RequestMappingHandlerAdapter.handleInternal(RequestMappingHandlerAdapter.java:808)
	at org.springframework.web.servlet.mvc.method.AbstractHandlerMethodAdapter.handle(AbstractHandlerMethodAdapter.java:87)
	at org.springframework.web.servlet.DispatcherServlet.doDispatch(DispatcherServlet.java:1070)
	at org.springframework.web.servlet.DispatcherServlet.doService(DispatcherServlet.java:963)
	at org.springframework.web.servlet.FrameworkServlet.processRequest(FrameworkServlet.java:1006)
	at org.springframework.web.servlet.FrameworkServlet.doPost(FrameworkServlet.java:909)
	at javax.servlet.http.HttpServlet.service(HttpServlet.java:681)
	at org.springframework.web.servlet.FrameworkServlet.service(FrameworkServlet.java:883)
	at javax.servlet.http.HttpServlet.service(HttpServlet.java:764)
	at org.apache.catalina.core.ApplicationFilterChain.internalDoFilter(ApplicationFilterChain.java:227)
	at org.apache.catalina.core.ApplicationFilterChain.doFilter(ApplicationFilterChain.java:162)
	at org.apache.tomcat.websocket.server.WsFilter.doFilter(WsFilter.java:53)
	at org.apache.catalina.core.ApplicationFilterChain.internalDoFilter(ApplicationFilterChain.java:189)
	at org.apache.catalina.core.ApplicationFilterChain.doFilter(ApplicationFilterChain.java:162)
	at org.springframework.web.filter.RequestContextFilter.doFilterInternal(RequestContextFilter.java:100)
	at org.springframework.web.filter.OncePerRequestFilter.doFilter(OncePerRequestFilter.java:117)
	at org.apache.catalina.core.ApplicationFilterChain.internalDoFilter(ApplicationFilterChain.java:189)
	at org.apache.catalina.core.ApplicationFilterChain.doFilter(ApplicationFilterChain.java:162)
	at org.springframework.web.filter.FormContentFilter.doFilterInternal(FormContentFilter.java:93)
	at org.springframework.web.filter.OncePerRequestFilter.doFilter(OncePerRequestFilter.java:117)
	at org.apache.catalina.core.ApplicationFilterChain.internalDoFilter(ApplicationFilterChain.java:189)
	at org.apache.catalina.core.ApplicationFilterChain.doFilter(ApplicationFilterChain.java:162)
	at org.springframework.web.filter.CharacterEncodingFilter.doFilterInternal(CharacterEncodingFilter.java:201)
	at org.springframework.web.filter.OncePerRequestFilter.doFilter(OncePerRequestFilter.java:117)
	at org.apache.catalina.core.ApplicationFilterChain.internalDoFilter(ApplicationFilterChain.java:189)
	at org.apache.catalina.core.ApplicationFilterChain.doFilter(ApplicationFilterChain.java:162)
	at org.apache.catalina.core.StandardWrapperValve.invoke(StandardWrapperValve.java:197)
	at org.apache.catalina.core.StandardContextValve.invoke(StandardContextValve.java:97)
	at org.apache.catalina.authenticator.AuthenticatorBase.invoke(AuthenticatorBase.java:541)
	at org.apache.catalina.core.StandardHostValve.invoke(StandardHostValve.java:135)
	at org.apache.catalina.valves.ErrorReportValve.invoke(ErrorReportValve.java:92)
	at org.apache.catalina.core.StandardEngineValve.invoke(StandardEngineValve.java:78)
	at org.apache.catalina.connector.CoyoteAdapter.service(CoyoteAdapter.java:360)
	at org.apache.coyote.http11.Http11Processor.service(Http11Processor.java:399)
	at org.apache.coyote.AbstractProcessorLight.process(AbstractProcessorLight.java:65)
	at org.apache.coyote.AbstractProtocol$ConnectionHandler.process(AbstractProtocol.java:890)
	at org.apache.tomcat.util.net.NioEndpoint$SocketProcessor.doRun(NioEndpoint.java:1789)
	at org.apache.tomcat.util.net.SocketProcessorBase.run(SocketProcessorBase.java:49)
	at org.apache.tomcat.util.threads.ThreadPoolExecutor.runWorker(ThreadPoolExecutor.java:1191)
	at org.apache.tomcat.util.threads.ThreadPoolExecutor$Worker.run(ThreadPoolExecutor.java:659)
	at org.apache.tomcat.util.threads.TaskThread$WrappingRunnable.run(TaskThread.java:61)
	at java.lang.Thread.run(Thread.java:748)
2023-04-04 00:24:43,561 [nacos-grpc-client-executor-23] INFO  [com.alibaba.nacos.common.remote.client] LoggerUtils.java:60 - [3cd20a15-202a-4f1e-be43-4c16a6733067] Receive server push request, request = NotifySubscriberRequest, requestId = 76
2023-04-04 00:24:43,576 [nacos-grpc-client-executor-23] INFO  [com.alibaba.nacos.common.remote.client] LoggerUtils.java:60 - [3cd20a15-202a-4f1e-be43-4c16a6733067] Ack server push request, request = NotifySubscriberRequest, requestId = 76
2023-04-04 00:25:00,694 [http-nio-28081-exec-7] WARN  [o.s.cloud.loadbalancer.core.RoundRobinLoadBalancer] RoundRobinLoadBalancer.java:98 - No servers available for service: BlogArticleClient
2023-04-04 00:25:00,694 [http-nio-28081-exec-7] WARN  [o.s.c.o.l.FeignBlockingLoadBalancerClient] FeignBlockingLoadBalancerClient.java:103 - Load balancer does not contain an instance for the service BlogArticleClient
2023-04-04 00:25:00,695 [http-nio-28081-exec-7] ERROR [o.a.c.c.C.[.[localhost].[/].[dispatcherServlet]] DirectJDKLog.java:175 - Servlet.service() for servlet [dispatcherServlet] in context with path [] threw exception [Request processing failed; nested exception is feign.FeignException$ServiceUnavailable: [503] during [POST] to [http://BlogArticleClient/openfeign/article/list] [BlogArticleClient#getArticleList()]: [Load balancer does not contain an instance for the service BlogArticleClient]] with root cause
feign.FeignException$ServiceUnavailable: [503] during [POST] to [http://BlogArticleClient/openfeign/article/list] [BlogArticleClient#getArticleList()]: [Load balancer does not contain an instance for the service BlogArticleClient]
	at feign.FeignException.serverErrorStatus(FeignException.java:256)
	at feign.FeignException.errorStatus(FeignException.java:197)
	at feign.FeignException.errorStatus(FeignException.java:185)
	at feign.codec.ErrorDecoder$Default.decode(ErrorDecoder.java:92)
	at feign.AsyncResponseHandler.handleResponse(AsyncResponseHandler.java:96)
	at feign.SynchronousMethodHandler.executeAndDecode(SynchronousMethodHandler.java:138)
	at feign.SynchronousMethodHandler.invoke(SynchronousMethodHandler.java:89)
	at feign.ReflectiveFeign$FeignInvocationHandler.invoke(ReflectiveFeign.java:100)
	at com.sun.proxy.$Proxy92.getArticleList(Unknown Source)
	at top.ddgotxdy.api.service.impl.BlogArticleBizServiceImpl.getArticleList(BlogArticleBizServiceImpl.java:27)
	at top.ddgotxdy.api.controller.ArticleController.getArticleList(ArticleController.java:29)
	at sun.reflect.NativeMethodAccessorImpl.invoke0(Native Method)
	at sun.reflect.NativeMethodAccessorImpl.invoke(NativeMethodAccessorImpl.java:62)
	at sun.reflect.DelegatingMethodAccessorImpl.invoke(DelegatingMethodAccessorImpl.java:43)
	at java.lang.reflect.Method.invoke(Method.java:498)
	at org.springframework.web.method.support.InvocableHandlerMethod.doInvoke(InvocableHandlerMethod.java:205)
	at org.springframework.web.method.support.InvocableHandlerMethod.invokeForRequest(InvocableHandlerMethod.java:150)
	at org.springframework.web.servlet.mvc.method.annotation.ServletInvocableHandlerMethod.invokeAndHandle(ServletInvocableHandlerMethod.java:117)
	at org.springframework.web.servlet.mvc.method.annotation.RequestMappingHandlerAdapter.invokeHandlerMethod(RequestMappingHandlerAdapter.java:895)
	at org.springframework.web.servlet.mvc.method.annotation.RequestMappingHandlerAdapter.handleInternal(RequestMappingHandlerAdapter.java:808)
	at org.springframework.web.servlet.mvc.method.AbstractHandlerMethodAdapter.handle(AbstractHandlerMethodAdapter.java:87)
	at org.springframework.web.servlet.DispatcherServlet.doDispatch(DispatcherServlet.java:1070)
	at org.springframework.web.servlet.DispatcherServlet.doService(DispatcherServlet.java:963)
	at org.springframework.web.servlet.FrameworkServlet.processRequest(FrameworkServlet.java:1006)
	at org.springframework.web.servlet.FrameworkServlet.doPost(FrameworkServlet.java:909)
	at javax.servlet.http.HttpServlet.service(HttpServlet.java:681)
	at org.springframework.web.servlet.FrameworkServlet.service(FrameworkServlet.java:883)
	at javax.servlet.http.HttpServlet.service(HttpServlet.java:764)
	at org.apache.catalina.core.ApplicationFilterChain.internalDoFilter(ApplicationFilterChain.java:227)
	at org.apache.catalina.core.ApplicationFilterChain.doFilter(ApplicationFilterChain.java:162)
	at org.apache.tomcat.websocket.server.WsFilter.doFilter(WsFilter.java:53)
	at org.apache.catalina.core.ApplicationFilterChain.internalDoFilter(ApplicationFilterChain.java:189)
	at org.apache.catalina.core.ApplicationFilterChain.doFilter(ApplicationFilterChain.java:162)
	at org.springframework.web.filter.RequestContextFilter.doFilterInternal(RequestContextFilter.java:100)
	at org.springframework.web.filter.OncePerRequestFilter.doFilter(OncePerRequestFilter.java:117)
	at org.apache.catalina.core.ApplicationFilterChain.internalDoFilter(ApplicationFilterChain.java:189)
	at org.apache.catalina.core.ApplicationFilterChain.doFilter(ApplicationFilterChain.java:162)
	at org.springframework.web.filter.FormContentFilter.doFilterInternal(FormContentFilter.java:93)
	at org.springframework.web.filter.OncePerRequestFilter.doFilter(OncePerRequestFilter.java:117)
	at org.apache.catalina.core.ApplicationFilterChain.internalDoFilter(ApplicationFilterChain.java:189)
	at org.apache.catalina.core.ApplicationFilterChain.doFilter(ApplicationFilterChain.java:162)
	at org.springframework.web.filter.CharacterEncodingFilter.doFilterInternal(CharacterEncodingFilter.java:201)
	at org.springframework.web.filter.OncePerRequestFilter.doFilter(OncePerRequestFilter.java:117)
	at org.apache.catalina.core.ApplicationFilterChain.internalDoFilter(ApplicationFilterChain.java:189)
	at org.apache.catalina.core.ApplicationFilterChain.doFilter(ApplicationFilterChain.java:162)
	at org.apache.catalina.core.StandardWrapperValve.invoke(StandardWrapperValve.java:197)
	at org.apache.catalina.core.StandardContextValve.invoke(StandardContextValve.java:97)
	at org.apache.catalina.authenticator.AuthenticatorBase.invoke(AuthenticatorBase.java:541)
	at org.apache.catalina.core.StandardHostValve.invoke(StandardHostValve.java:135)
	at org.apache.catalina.valves.ErrorReportValve.invoke(ErrorReportValve.java:92)
	at org.apache.catalina.core.StandardEngineValve.invoke(StandardEngineValve.java:78)
	at org.apache.catalina.connector.CoyoteAdapter.service(CoyoteAdapter.java:360)
	at org.apache.coyote.http11.Http11Processor.service(Http11Processor.java:399)
	at org.apache.coyote.AbstractProcessorLight.process(AbstractProcessorLight.java:65)
	at org.apache.coyote.AbstractProtocol$ConnectionHandler.process(AbstractProtocol.java:890)
	at org.apache.tomcat.util.net.NioEndpoint$SocketProcessor.doRun(NioEndpoint.java:1789)
	at org.apache.tomcat.util.net.SocketProcessorBase.run(SocketProcessorBase.java:49)
	at org.apache.tomcat.util.threads.ThreadPoolExecutor.runWorker(ThreadPoolExecutor.java:1191)
	at org.apache.tomcat.util.threads.ThreadPoolExecutor$Worker.run(ThreadPoolExecutor.java:659)
	at org.apache.tomcat.util.threads.TaskThread$WrappingRunnable.run(TaskThread.java:61)
	at java.lang.Thread.run(Thread.java:748)
2023-04-04 00:28:49,146 [http-nio-28081-exec-10] WARN  [o.s.cloud.loadbalancer.core.RoundRobinLoadBalancer] RoundRobinLoadBalancer.java:98 - No servers available for service: BlogArticleClient
2023-04-04 00:28:49,193 [http-nio-28081-exec-10] WARN  [o.s.c.o.l.FeignBlockingLoadBalancerClient] FeignBlockingLoadBalancerClient.java:103 - Load balancer does not contain an instance for the service BlogArticleClient
2023-04-04 00:28:49,206 [http-nio-28081-exec-10] ERROR [o.a.c.c.C.[.[localhost].[/].[dispatcherServlet]] DirectJDKLog.java:175 - Servlet.service() for servlet [dispatcherServlet] in context with path [] threw exception [Request processing failed; nested exception is feign.FeignException$ServiceUnavailable: [503] during [POST] to [http://BlogArticleClient/openfeign/article/list] [BlogArticleClient#getArticleList()]: [Load balancer does not contain an instance for the service BlogArticleClient]] with root cause
feign.FeignException$ServiceUnavailable: [503] during [POST] to [http://BlogArticleClient/openfeign/article/list] [BlogArticleClient#getArticleList()]: [Load balancer does not contain an instance for the service BlogArticleClient]
	at feign.FeignException.serverErrorStatus(FeignException.java:256)
	at feign.FeignException.errorStatus(FeignException.java:197)
	at feign.FeignException.errorStatus(FeignException.java:185)
	at feign.codec.ErrorDecoder$Default.decode(ErrorDecoder.java:92)
	at feign.AsyncResponseHandler.handleResponse(AsyncResponseHandler.java:96)
	at feign.SynchronousMethodHandler.executeAndDecode(SynchronousMethodHandler.java:138)
	at feign.SynchronousMethodHandler.invoke(SynchronousMethodHandler.java:89)
	at feign.ReflectiveFeign$FeignInvocationHandler.invoke(ReflectiveFeign.java:100)
	at com.sun.proxy.$Proxy92.getArticleList(Unknown Source)
	at top.ddgotxdy.api.service.impl.BlogArticleBizServiceImpl.getArticleList(BlogArticleBizServiceImpl.java:27)
	at top.ddgotxdy.api.controller.ArticleController.getArticleList(ArticleController.java:29)
	at sun.reflect.NativeMethodAccessorImpl.invoke0(Native Method)
	at sun.reflect.NativeMethodAccessorImpl.invoke(NativeMethodAccessorImpl.java:62)
	at sun.reflect.DelegatingMethodAccessorImpl.invoke(DelegatingMethodAccessorImpl.java:43)
	at java.lang.reflect.Method.invoke(Method.java:498)
	at org.springframework.web.method.support.InvocableHandlerMethod.doInvoke(InvocableHandlerMethod.java:205)
	at org.springframework.web.method.support.InvocableHandlerMethod.invokeForRequest(InvocableHandlerMethod.java:150)
	at org.springframework.web.servlet.mvc.method.annotation.ServletInvocableHandlerMethod.invokeAndHandle(ServletInvocableHandlerMethod.java:117)
	at org.springframework.web.servlet.mvc.method.annotation.RequestMappingHandlerAdapter.invokeHandlerMethod(RequestMappingHandlerAdapter.java:895)
	at org.springframework.web.servlet.mvc.method.annotation.RequestMappingHandlerAdapter.handleInternal(RequestMappingHandlerAdapter.java:808)
	at org.springframework.web.servlet.mvc.method.AbstractHandlerMethodAdapter.handle(AbstractHandlerMethodAdapter.java:87)
	at org.springframework.web.servlet.DispatcherServlet.doDispatch(DispatcherServlet.java:1070)
	at org.springframework.web.servlet.DispatcherServlet.doService(DispatcherServlet.java:963)
	at org.springframework.web.servlet.FrameworkServlet.processRequest(FrameworkServlet.java:1006)
	at org.springframework.web.servlet.FrameworkServlet.doPost(FrameworkServlet.java:909)
	at javax.servlet.http.HttpServlet.service(HttpServlet.java:681)
	at org.springframework.web.servlet.FrameworkServlet.service(FrameworkServlet.java:883)
	at javax.servlet.http.HttpServlet.service(HttpServlet.java:764)
	at org.apache.catalina.core.ApplicationFilterChain.internalDoFilter(ApplicationFilterChain.java:227)
	at org.apache.catalina.core.ApplicationFilterChain.doFilter(ApplicationFilterChain.java:162)
	at org.apache.tomcat.websocket.server.WsFilter.doFilter(WsFilter.java:53)
	at org.apache.catalina.core.ApplicationFilterChain.internalDoFilter(ApplicationFilterChain.java:189)
	at org.apache.catalina.core.ApplicationFilterChain.doFilter(ApplicationFilterChain.java:162)
	at org.springframework.web.filter.RequestContextFilter.doFilterInternal(RequestContextFilter.java:100)
	at org.springframework.web.filter.OncePerRequestFilter.doFilter(OncePerRequestFilter.java:117)
	at org.apache.catalina.core.ApplicationFilterChain.internalDoFilter(ApplicationFilterChain.java:189)
	at org.apache.catalina.core.ApplicationFilterChain.doFilter(ApplicationFilterChain.java:162)
	at org.springframework.web.filter.FormContentFilter.doFilterInternal(FormContentFilter.java:93)
	at org.springframework.web.filter.OncePerRequestFilter.doFilter(OncePerRequestFilter.java:117)
	at org.apache.catalina.core.ApplicationFilterChain.internalDoFilter(ApplicationFilterChain.java:189)
	at org.apache.catalina.core.ApplicationFilterChain.doFilter(ApplicationFilterChain.java:162)
	at org.springframework.web.filter.CharacterEncodingFilter.doFilterInternal(CharacterEncodingFilter.java:201)
	at org.springframework.web.filter.OncePerRequestFilter.doFilter(OncePerRequestFilter.java:117)
	at org.apache.catalina.core.ApplicationFilterChain.internalDoFilter(ApplicationFilterChain.java:189)
	at org.apache.catalina.core.ApplicationFilterChain.doFilter(ApplicationFilterChain.java:162)
	at org.apache.catalina.core.StandardWrapperValve.invoke(StandardWrapperValve.java:197)
	at org.apache.catalina.core.StandardContextValve.invoke(StandardContextValve.java:97)
	at org.apache.catalina.authenticator.AuthenticatorBase.invoke(AuthenticatorBase.java:541)
	at org.apache.catalina.core.StandardHostValve.invoke(StandardHostValve.java:135)
	at org.apache.catalina.valves.ErrorReportValve.invoke(ErrorReportValve.java:92)
	at org.apache.catalina.core.StandardEngineValve.invoke(StandardEngineValve.java:78)
	at org.apache.catalina.connector.CoyoteAdapter.service(CoyoteAdapter.java:360)
	at org.apache.coyote.http11.Http11Processor.service(Http11Processor.java:399)
	at org.apache.coyote.AbstractProcessorLight.process(AbstractProcessorLight.java:65)
	at org.apache.coyote.AbstractProtocol$ConnectionHandler.process(AbstractProtocol.java:890)
	at org.apache.tomcat.util.net.NioEndpoint$SocketProcessor.doRun(NioEndpoint.java:1789)
	at org.apache.tomcat.util.net.SocketProcessorBase.run(SocketProcessorBase.java:49)
	at org.apache.tomcat.util.threads.ThreadPoolExecutor.runWorker(ThreadPoolExecutor.java:1191)
	at org.apache.tomcat.util.threads.ThreadPoolExecutor$Worker.run(ThreadPoolExecutor.java:659)
	at org.apache.tomcat.util.threads.TaskThread$WrappingRunnable.run(TaskThread.java:61)
	at java.lang.Thread.run(Thread.java:748)
2023-04-04 00:29:06,030 [http-nio-28081-exec-9] WARN  [o.s.cloud.loadbalancer.core.RoundRobinLoadBalancer] RoundRobinLoadBalancer.java:98 - No servers available for service: BlogArticleClient
2023-04-04 00:29:06,030 [http-nio-28081-exec-9] WARN  [o.s.c.o.l.FeignBlockingLoadBalancerClient] FeignBlockingLoadBalancerClient.java:103 - Load balancer does not contain an instance for the service BlogArticleClient
2023-04-04 00:29:06,031 [http-nio-28081-exec-9] ERROR [o.a.c.c.C.[.[localhost].[/].[dispatcherServlet]] DirectJDKLog.java:175 - Servlet.service() for servlet [dispatcherServlet] in context with path [] threw exception [Request processing failed; nested exception is feign.FeignException$ServiceUnavailable: [503] during [POST] to [http://BlogArticleClient/openfeign/article/list] [BlogArticleClient#getArticleList()]: [Load balancer does not contain an instance for the service BlogArticleClient]] with root cause
feign.FeignException$ServiceUnavailable: [503] during [POST] to [http://BlogArticleClient/openfeign/article/list] [BlogArticleClient#getArticleList()]: [Load balancer does not contain an instance for the service BlogArticleClient]
	at feign.FeignException.serverErrorStatus(FeignException.java:256)
	at feign.FeignException.errorStatus(FeignException.java:197)
	at feign.FeignException.errorStatus(FeignException.java:185)
	at feign.codec.ErrorDecoder$Default.decode(ErrorDecoder.java:92)
	at feign.AsyncResponseHandler.handleResponse(AsyncResponseHandler.java:96)
	at feign.SynchronousMethodHandler.executeAndDecode(SynchronousMethodHandler.java:138)
	at feign.SynchronousMethodHandler.invoke(SynchronousMethodHandler.java:89)
	at feign.ReflectiveFeign$FeignInvocationHandler.invoke(ReflectiveFeign.java:100)
	at com.sun.proxy.$Proxy92.getArticleList(Unknown Source)
	at top.ddgotxdy.api.service.impl.BlogArticleBizServiceImpl.getArticleList(BlogArticleBizServiceImpl.java:27)
	at top.ddgotxdy.api.controller.ArticleController.getArticleList(ArticleController.java:29)
	at sun.reflect.NativeMethodAccessorImpl.invoke0(Native Method)
	at sun.reflect.NativeMethodAccessorImpl.invoke(NativeMethodAccessorImpl.java:62)
	at sun.reflect.DelegatingMethodAccessorImpl.invoke(DelegatingMethodAccessorImpl.java:43)
	at java.lang.reflect.Method.invoke(Method.java:498)
	at org.springframework.web.method.support.InvocableHandlerMethod.doInvoke(InvocableHandlerMethod.java:205)
	at org.springframework.web.method.support.InvocableHandlerMethod.invokeForRequest(InvocableHandlerMethod.java:150)
	at org.springframework.web.servlet.mvc.method.annotation.ServletInvocableHandlerMethod.invokeAndHandle(ServletInvocableHandlerMethod.java:117)
	at org.springframework.web.servlet.mvc.method.annotation.RequestMappingHandlerAdapter.invokeHandlerMethod(RequestMappingHandlerAdapter.java:895)
	at org.springframework.web.servlet.mvc.method.annotation.RequestMappingHandlerAdapter.handleInternal(RequestMappingHandlerAdapter.java:808)
	at org.springframework.web.servlet.mvc.method.AbstractHandlerMethodAdapter.handle(AbstractHandlerMethodAdapter.java:87)
	at org.springframework.web.servlet.DispatcherServlet.doDispatch(DispatcherServlet.java:1070)
	at org.springframework.web.servlet.DispatcherServlet.doService(DispatcherServlet.java:963)
	at org.springframework.web.servlet.FrameworkServlet.processRequest(FrameworkServlet.java:1006)
	at org.springframework.web.servlet.FrameworkServlet.doPost(FrameworkServlet.java:909)
	at javax.servlet.http.HttpServlet.service(HttpServlet.java:681)
	at org.springframework.web.servlet.FrameworkServlet.service(FrameworkServlet.java:883)
	at javax.servlet.http.HttpServlet.service(HttpServlet.java:764)
	at org.apache.catalina.core.ApplicationFilterChain.internalDoFilter(ApplicationFilterChain.java:227)
	at org.apache.catalina.core.ApplicationFilterChain.doFilter(ApplicationFilterChain.java:162)
	at org.apache.tomcat.websocket.server.WsFilter.doFilter(WsFilter.java:53)
	at org.apache.catalina.core.ApplicationFilterChain.internalDoFilter(ApplicationFilterChain.java:189)
	at org.apache.catalina.core.ApplicationFilterChain.doFilter(ApplicationFilterChain.java:162)
	at org.springframework.web.filter.RequestContextFilter.doFilterInternal(RequestContextFilter.java:100)
	at org.springframework.web.filter.OncePerRequestFilter.doFilter(OncePerRequestFilter.java:117)
	at org.apache.catalina.core.ApplicationFilterChain.internalDoFilter(ApplicationFilterChain.java:189)
	at org.apache.catalina.core.ApplicationFilterChain.doFilter(ApplicationFilterChain.java:162)
	at org.springframework.web.filter.FormContentFilter.doFilterInternal(FormContentFilter.java:93)
	at org.springframework.web.filter.OncePerRequestFilter.doFilter(OncePerRequestFilter.java:117)
	at org.apache.catalina.core.ApplicationFilterChain.internalDoFilter(ApplicationFilterChain.java:189)
	at org.apache.catalina.core.ApplicationFilterChain.doFilter(ApplicationFilterChain.java:162)
	at org.springframework.web.filter.CharacterEncodingFilter.doFilterInternal(CharacterEncodingFilter.java:201)
	at org.springframework.web.filter.OncePerRequestFilter.doFilter(OncePerRequestFilter.java:117)
	at org.apache.catalina.core.ApplicationFilterChain.internalDoFilter(ApplicationFilterChain.java:189)
	at org.apache.catalina.core.ApplicationFilterChain.doFilter(ApplicationFilterChain.java:162)
	at org.apache.catalina.core.StandardWrapperValve.invoke(StandardWrapperValve.java:197)
	at org.apache.catalina.core.StandardContextValve.invoke(StandardContextValve.java:97)
	at org.apache.catalina.authenticator.AuthenticatorBase.invoke(AuthenticatorBase.java:541)
	at org.apache.catalina.core.StandardHostValve.invoke(StandardHostValve.java:135)
	at org.apache.catalina.valves.ErrorReportValve.invoke(ErrorReportValve.java:92)
	at org.apache.catalina.core.StandardEngineValve.invoke(StandardEngineValve.java:78)
	at org.apache.catalina.connector.CoyoteAdapter.service(CoyoteAdapter.java:360)
	at org.apache.coyote.http11.Http11Processor.service(Http11Processor.java:399)
	at org.apache.coyote.AbstractProcessorLight.process(AbstractProcessorLight.java:65)
	at org.apache.coyote.AbstractProtocol$ConnectionHandler.process(AbstractProtocol.java:890)
	at org.apache.tomcat.util.net.NioEndpoint$SocketProcessor.doRun(NioEndpoint.java:1789)
	at org.apache.tomcat.util.net.SocketProcessorBase.run(SocketProcessorBase.java:49)
	at org.apache.tomcat.util.threads.ThreadPoolExecutor.runWorker(ThreadPoolExecutor.java:1191)
	at org.apache.tomcat.util.threads.ThreadPoolExecutor$Worker.run(ThreadPoolExecutor.java:659)
	at org.apache.tomcat.util.threads.TaskThread$WrappingRunnable.run(TaskThread.java:61)
	at java.lang.Thread.run(Thread.java:748)
2023-04-04 00:29:23,434 [Thread-13] WARN  [com.alibaba.nacos.common.notify.NotifyCenter] NotifyCenter.java:136 - [NotifyCenter] Start destroying Publisher
2023-04-04 00:29:23,434 [Thread-13] WARN  [com.alibaba.nacos.common.notify.NotifyCenter] NotifyCenter.java:153 - [NotifyCenter] Destruction of the end
2023-04-04 00:29:23,450 [Thread-6] WARN  [com.alibaba.nacos.common.http.HttpClientBeanHolder] HttpClientBeanHolder.java:108 - [HttpClientBeanHolder] Start destroying common HttpClient
2023-04-04 00:29:23,466 [Thread-6] WARN  [com.alibaba.nacos.common.http.HttpClientBeanHolder] HttpClientBeanHolder.java:114 - [HttpClientBeanHolder] Destruction of the end
2023-04-04 00:29:24,032 [SpringApplicationShutdownHook] INFO  [c.a.cloud.nacos.registry.NacosServiceRegistry] NacosServiceRegistry.java:94 - De-registering from Nacos Server now...
2023-04-04 00:29:24,048 [SpringApplicationShutdownHook] INFO  [c.a.cloud.nacos.registry.NacosServiceRegistry] NacosServiceRegistry.java:114 - De-registration finished.
2023-04-04 00:29:24,386 [SpringApplicationShutdownHook] INFO  [com.alibaba.nacos.common.remote.client] RpcClient.java:454 - Shutdown rpc client, set status to shutdown
2023-04-04 00:29:24,387 [SpringApplicationShutdownHook] INFO  [com.alibaba.nacos.common.remote.client] RpcClient.java:456 - Shutdown client event executor java.util.concurrent.ScheduledThreadPoolExecutor@6b536a39[Running, pool size = 2, active threads = 2, queued tasks = 0, completed tasks = 0]
2023-04-04 00:29:24,387 [SpringApplicationShutdownHook] INFO  [com.alibaba.nacos.common.remote.client] RpcClient.java:591 - Close current connection 1680539059868_219.143.128.174_18357
2023-04-04 00:29:24,388 [nacos-grpc-client-executor-130] INFO  [c.a.nacos.common.remote.client.grpc.GrpcClient] LoggerUtils.java:60 - [1680539059868_219.143.128.174_18357]Ignore complete event,isRunning:false,isAbandon=false
2023-04-04 00:29:24,451 [SpringApplicationShutdownHook] INFO  [c.a.nacos.common.remote.client.grpc.GrpcClient] GrpcClient.java:85 - Shutdown grpc executor java.util.concurrent.ThreadPoolExecutor@14efa24[Running, pool size = 8, active threads = 0, queued tasks = 0, completed tasks = 131]
2023-04-04 00:29:34,622 [main] INFO  [com.alibaba.nacos.common.remote.client] RpcClientFactory.java:80 - [RpcClientFactory] create a new rpc client of e6e99fcf-feff-4fd9-9be9-83175639683f_config-0
2023-04-04 00:29:34,771 [main] INFO  [org.reflections.Reflections] Reflections.java:232 - Reflections took 63 ms to scan 1 urls, producing 3 keys and 6 values 
2023-04-04 00:29:34,850 [main] INFO  [org.reflections.Reflections] Reflections.java:232 - Reflections took 15 ms to scan 1 urls, producing 4 keys and 9 values 
2023-04-04 00:29:34,850 [main] INFO  [org.reflections.Reflections] Reflections.java:232 - Reflections took 0 ms to scan 1 urls, producing 3 keys and 10 values 
2023-04-04 00:29:35,104 [main] INFO  [org.reflections.Reflections] Reflections.java:232 - Reflections took 238 ms to scan 125 urls, producing 0 keys and 0 values 
2023-04-04 00:29:35,119 [main] INFO  [org.reflections.Reflections] Reflections.java:232 - Reflections took 15 ms to scan 1 urls, producing 1 keys and 5 values 
2023-04-04 00:29:35,135 [main] INFO  [org.reflections.Reflections] Reflections.java:232 - Reflections took 16 ms to scan 1 urls, producing 1 keys and 7 values 
2023-04-04 00:29:35,150 [main] INFO  [org.reflections.Reflections] Reflections.java:232 - Reflections took 15 ms to scan 1 urls, producing 2 keys and 8 values 
2023-04-04 00:29:35,260 [main] INFO  [org.reflections.Reflections] Reflections.java:232 - Reflections took 110 ms to scan 125 urls, producing 0 keys and 0 values 
2023-04-04 00:29:35,260 [main] INFO  [com.alibaba.nacos.common.remote.client] LoggerUtils.java:60 - [e6e99fcf-feff-4fd9-9be9-83175639683f_config-0] RpcClient init label, labels = {module=config, Vipserver-Tag=null, source=sdk, Amory-Tag=null, Location-Tag=null, taskId=0, AppName=unknown}
2023-04-04 00:29:35,260 [main] INFO  [com.alibaba.nacos.common.remote.client] LoggerUtils.java:60 - [e6e99fcf-feff-4fd9-9be9-83175639683f_config-0] Register server push request handler:com.alibaba.nacos.client.config.impl.ClientWorker$ConfigRpcTransportClient$$Lambda$324/375074687
2023-04-04 00:29:35,260 [main] INFO  [com.alibaba.nacos.common.remote.client] LoggerUtils.java:60 - [e6e99fcf-feff-4fd9-9be9-83175639683f_config-0] Register server push request handler:com.alibaba.nacos.client.config.impl.ClientWorker$ConfigRpcTransportClient$$Lambda$325/1429616542
2023-04-04 00:29:35,307 [main] INFO  [com.alibaba.nacos.common.remote.client] LoggerUtils.java:60 - [e6e99fcf-feff-4fd9-9be9-83175639683f_config-0] Registry connection listener to current client:com.alibaba.nacos.client.config.impl.ClientWorker$ConfigRpcTransportClient$1
2023-04-04 00:29:35,307 [main] INFO  [com.alibaba.nacos.common.remote.client] LoggerUtils.java:60 - [e6e99fcf-feff-4fd9-9be9-83175639683f_config-0] RpcClient init, ServerListFactory = com.alibaba.nacos.client.config.impl.ClientWorker$ConfigRpcTransportClient$2
2023-04-04 00:29:35,307 [main] INFO  [com.alibaba.nacos.common.remote.client] LoggerUtils.java:60 - [e6e99fcf-feff-4fd9-9be9-83175639683f_config-0] Try to connect to server on start up, server: {serverIp = '101.43.175.25', server main port = 8848}
2023-04-04 00:29:37,704 [main] INFO  [com.alibaba.nacos.common.remote.client] LoggerUtils.java:60 - [e6e99fcf-feff-4fd9-9be9-83175639683f_config-0] Success to connect to server [101.43.175.25:8848] on start up, connectionId = 1680539377328_219.143.128.174_17799
2023-04-04 00:29:37,704 [com.alibaba.nacos.client.remote.worker] INFO  [com.alibaba.nacos.common.remote.client] LoggerUtils.java:60 - [e6e99fcf-feff-4fd9-9be9-83175639683f_config-0] Notify connected event to listeners.
2023-04-04 00:29:37,704 [main] INFO  [com.alibaba.nacos.common.remote.client] LoggerUtils.java:60 - [e6e99fcf-feff-4fd9-9be9-83175639683f_config-0] Register server push request handler:com.alibaba.nacos.common.remote.client.RpcClient$ConnectResetRequestHandler
2023-04-04 00:29:37,704 [main] INFO  [com.alibaba.nacos.common.remote.client] LoggerUtils.java:60 - [e6e99fcf-feff-4fd9-9be9-83175639683f_config-0] Register server push request handler:com.alibaba.nacos.common.remote.client.RpcClient$$Lambda$333/1164241227
2023-04-04 00:29:37,860 [main] WARN  [c.a.cloud.nacos.client.NacosPropertySourceBuilder] NacosPropertySourceBuilder.java:87 - Ignore the empty nacos configuration and get it based on dataId[test1-dev.yaml] & group[DDGOTXDY_GROUP]
2023-04-04 00:29:37,875 [main] WARN  [c.a.cloud.nacos.client.NacosPropertySourceBuilder] NacosPropertySourceBuilder.java:87 - Ignore the empty nacos configuration and get it based on dataId[blog-api] & group[DDGOTXDY_GROUP]
2023-04-04 00:29:37,922 [main] WARN  [c.a.cloud.nacos.client.NacosPropertySourceBuilder] NacosPropertySourceBuilder.java:87 - Ignore the empty nacos configuration and get it based on dataId[blog-api-dev.yaml] & group[DDGOTXDY_GROUP]
2023-04-04 00:29:37,922 [main] INFO  [o.s.c.b.c.PropertySourceBootstrapConfiguration] PropertySourceBootstrapConfiguration.java:109 - Located property source: [BootstrapPropertySource@463215441 {name='bootstrapProperties-blog-api-dev.yaml,DDGOTXDY_GROUP', properties={}}, BootstrapPropertySource@777190206 {name='bootstrapProperties-blog-api.yaml,DDGOTXDY_GROUP', properties={spring.mvc.pathmatch.matching-strategy=ANT_PATH_MATCHER}}, BootstrapPropertySource@385784873 {name='bootstrapProperties-blog-api,DDGOTXDY_GROUP', properties={}}, BootstrapPropertySource@1050149826 {name='bootstrapProperties-test1-dev.yaml,DDGOTXDY_GROUP', properties={}}]
2023-04-04 00:29:37,922 [main] INFO  [top.ddgotxdy.api.BlogApiApplication] SpringApplication.java:651 - The following 1 profile is active: "dev"
2023-04-04 00:29:38,975 [main] INFO  [o.springframework.cloud.context.scope.GenericScope] GenericScope.java:283 - BeanFactory id=63b699c7-b978-3bc7-b875-d81f14c20f1e
2023-04-04 00:29:39,329 [main] INFO  [o.s.boot.web.embedded.tomcat.TomcatWebServer] TomcatWebServer.java:108 - Tomcat initialized with port(s): 28081 (http)
2023-04-04 00:29:39,344 [main] INFO  [org.apache.coyote.http11.Http11NioProtocol] DirectJDKLog.java:173 - Initializing ProtocolHandler ["http-nio-28081"]
2023-04-04 00:29:39,344 [main] INFO  [org.apache.catalina.core.StandardService] DirectJDKLog.java:173 - Starting service [Tomcat]
2023-04-04 00:29:39,344 [main] INFO  [org.apache.catalina.core.StandardEngine] DirectJDKLog.java:173 - Starting Servlet engine: [Apache Tomcat/9.0.65]
2023-04-04 00:29:39,675 [main] INFO  [o.a.c.core.ContainerBase.[Tomcat].[localhost].[/]] DirectJDKLog.java:173 - Initializing Spring embedded WebApplicationContext
2023-04-04 00:29:39,675 [main] INFO  [o.s.b.w.s.c.ServletWebServerApplicationContext] ServletWebServerApplicationContext.java:290 - Root WebApplicationContext: initialization completed in 1721 ms
2023-04-04 00:29:39,929 [main] INFO  [o.s.cloud.openfeign.FeignClientFactoryBean] FeignClientFactoryBean.java:418 - For 'article-service' URL not provided. Will try picking an instance via load-balancing.
2023-04-04 00:29:40,259 [main] INFO  [s.d.s.w.PropertySourcedRequestMappingHandlerMapping] PropertySourcedRequestMappingHandlerMapping.java:69 - Mapped URL path [/v2/api-docs] onto method [springfox.documentation.swagger2.web.Swagger2Controller#getDocumentation(String, HttpServletRequest)]
2023-04-04 00:29:41,375 [main] WARN  [o.s.c.l.c.LoadBalancerCacheAutoConfiguration$LoadBalancerCaffeineWarnLogger] LoadBalancerCacheAutoConfiguration.java:82 - Spring Cloud LoadBalancer is currently working with the default cache. While this cache implementation is useful for development and tests, it's recommended to use Caffeine cache in production.You can switch to using Caffeine cache, by adding it and org.springframework.cache.caffeine.CaffeineCacheManager to the classpath.
2023-04-04 00:29:41,453 [main] INFO  [com.alibaba.nacos.common.remote.client] RpcClientFactory.java:80 - [RpcClientFactory] create a new rpc client of 5a76aa08-db9a-448c-81fc-96d497d25c2d
2023-04-04 00:29:41,453 [main] INFO  [com.alibaba.nacos.common.remote.client] LoggerUtils.java:60 - [5a76aa08-db9a-448c-81fc-96d497d25c2d] RpcClient init label, labels = {module=naming, source=sdk}
2023-04-04 00:29:41,453 [main] INFO  [com.alibaba.nacos.common.remote.client] LoggerUtils.java:60 - [5a76aa08-db9a-448c-81fc-96d497d25c2d] RpcClient init, ServerListFactory = com.alibaba.nacos.client.naming.core.ServerListManager
2023-04-04 00:29:41,453 [main] INFO  [com.alibaba.nacos.common.remote.client] LoggerUtils.java:60 - [5a76aa08-db9a-448c-81fc-96d497d25c2d] Registry connection listener to current client:com.alibaba.nacos.client.naming.remote.gprc.redo.NamingGrpcRedoService
2023-04-04 00:29:41,453 [main] INFO  [com.alibaba.nacos.common.remote.client] LoggerUtils.java:60 - [5a76aa08-db9a-448c-81fc-96d497d25c2d] Register server push request handler:com.alibaba.nacos.client.naming.remote.gprc.NamingPushRequestHandler
2023-04-04 00:29:41,453 [main] INFO  [com.alibaba.nacos.common.remote.client] LoggerUtils.java:60 - [5a76aa08-db9a-448c-81fc-96d497d25c2d] Try to connect to server on start up, server: {serverIp = '101.43.175.25', server main port = 8848}
2023-04-04 00:29:41,604 [main] INFO  [com.alibaba.nacos.common.remote.client] LoggerUtils.java:60 - [5a76aa08-db9a-448c-81fc-96d497d25c2d] Success to connect to server [101.43.175.25:8848] on start up, connectionId = 1680539381323_219.143.128.174_17803
2023-04-04 00:29:41,604 [main] INFO  [com.alibaba.nacos.common.remote.client] LoggerUtils.java:60 - [5a76aa08-db9a-448c-81fc-96d497d25c2d] Register server push request handler:com.alibaba.nacos.common.remote.client.RpcClient$ConnectResetRequestHandler
2023-04-04 00:29:41,604 [com.alibaba.nacos.client.remote.worker] INFO  [com.alibaba.nacos.common.remote.client] LoggerUtils.java:60 - [5a76aa08-db9a-448c-81fc-96d497d25c2d] Notify connected event to listeners.
2023-04-04 00:29:41,604 [main] INFO  [com.alibaba.nacos.common.remote.client] LoggerUtils.java:60 - [5a76aa08-db9a-448c-81fc-96d497d25c2d] Register server push request handler:com.alibaba.nacos.common.remote.client.RpcClient$$Lambda$333/1164241227
2023-04-04 00:29:41,667 [main] INFO  [org.apache.coyote.http11.Http11NioProtocol] DirectJDKLog.java:173 - Starting ProtocolHandler ["http-nio-28081"]
2023-04-04 00:29:41,688 [main] INFO  [o.s.boot.web.embedded.tomcat.TomcatWebServer] TomcatWebServer.java:220 - Tomcat started on port(s): 28081 (http) with context path ''
2023-04-04 00:29:41,704 [main] INFO  [c.a.cloud.nacos.registry.NacosServiceRegistry] NacosServiceRegistry.java:75 - nacos registry, DEFAULT_GROUP blog-api 192.168.69.1:28081 register finished
2023-04-04 00:29:42,150 [main] INFO  [s.d.s.web.plugins.DocumentationPluginsBootstrapper] DocumentationPluginsBootstrapper.java:160 - Context refreshed
2023-04-04 00:29:42,196 [nacos-grpc-client-executor-9] INFO  [com.alibaba.nacos.common.remote.client] LoggerUtils.java:60 - [5a76aa08-db9a-448c-81fc-96d497d25c2d] Receive server push request, request = NotifySubscriberRequest, requestId = 80
2023-04-04 00:29:42,196 [main] INFO  [s.d.s.web.plugins.DocumentationPluginsBootstrapper] DocumentationPluginsBootstrapper.java:163 - Found 1 custom documentation plugin(s)
2023-04-04 00:29:42,196 [nacos-grpc-client-executor-9] INFO  [com.alibaba.nacos.common.remote.client] LoggerUtils.java:60 - [5a76aa08-db9a-448c-81fc-96d497d25c2d] Ack server push request, request = NotifySubscriberRequest, requestId = 80
2023-04-04 00:29:42,228 [main] INFO  [s.d.spring.web.scanners.ApiListingReferenceScanner] ApiListingReferenceScanner.java:41 - Scanning for api listing references
2023-04-04 00:29:42,353 [main] INFO  [top.ddgotxdy.api.BlogApiApplication] StartupInfoLogger.java:61 - Started BlogApiApplication in 10.009 seconds (JVM running for 11.78)
2023-04-04 00:29:42,368 [main] INFO  [c.a.cloud.nacos.refresh.NacosContextRefresher] NacosContextRefresher.java:129 - [Nacos Config] Listening config: dataId=blog-api-dev.yaml, group=DDGOTXDY_GROUP
2023-04-04 00:29:42,368 [main] INFO  [c.a.cloud.nacos.refresh.NacosContextRefresher] NacosContextRefresher.java:129 - [Nacos Config] Listening config: dataId=blog-api.yaml, group=DDGOTXDY_GROUP
2023-04-04 00:29:42,368 [main] INFO  [c.a.cloud.nacos.refresh.NacosContextRefresher] NacosContextRefresher.java:129 - [Nacos Config] Listening config: dataId=test1-dev.yaml, group=DDGOTXDY_GROUP
2023-04-04 00:29:42,368 [main] INFO  [c.a.cloud.nacos.refresh.NacosContextRefresher] NacosContextRefresher.java:129 - [Nacos Config] Listening config: dataId=blog-api, group=DDGOTXDY_GROUP
2023-04-04 00:30:50,814 [http-nio-28081-exec-1] INFO  [o.a.c.core.ContainerBase.[Tomcat].[localhost].[/]] DirectJDKLog.java:173 - Initializing Spring DispatcherServlet 'dispatcherServlet'
2023-04-04 00:30:50,814 [http-nio-28081-exec-1] INFO  [org.springframework.web.servlet.DispatcherServlet] FrameworkServlet.java:525 - Initializing Servlet 'dispatcherServlet'
2023-04-04 00:30:50,815 [http-nio-28081-exec-1] INFO  [org.springframework.web.servlet.DispatcherServlet] FrameworkServlet.java:547 - Completed initialization in 1 ms
2023-04-04 00:30:51,680 [nacos-grpc-client-executor-39] INFO  [com.alibaba.nacos.common.remote.client] LoggerUtils.java:60 - [5a76aa08-db9a-448c-81fc-96d497d25c2d] Receive server push request, request = NotifySubscriberRequest, requestId = 81
2023-04-04 00:30:51,682 [nacos-grpc-client-executor-39] INFO  [com.alibaba.nacos.common.remote.client] LoggerUtils.java:60 - [5a76aa08-db9a-448c-81fc-96d497d25c2d] Ack server push request, request = NotifySubscriberRequest, requestId = 81
2023-04-04 00:31:00,928 [Thread-12] WARN  [com.alibaba.nacos.common.notify.NotifyCenter] NotifyCenter.java:136 - [NotifyCenter] Start destroying Publisher
2023-04-04 00:31:00,928 [Thread-5] WARN  [com.alibaba.nacos.common.http.HttpClientBeanHolder] HttpClientBeanHolder.java:108 - [HttpClientBeanHolder] Start destroying common HttpClient
2023-04-04 00:31:00,928 [Thread-12] WARN  [com.alibaba.nacos.common.notify.NotifyCenter] NotifyCenter.java:153 - [NotifyCenter] Destruction of the end
2023-04-04 00:31:00,959 [Thread-5] WARN  [com.alibaba.nacos.common.http.HttpClientBeanHolder] HttpClientBeanHolder.java:114 - [HttpClientBeanHolder] Destruction of the end
2023-04-04 00:31:01,391 [SpringApplicationShutdownHook] INFO  [c.a.cloud.nacos.registry.NacosServiceRegistry] NacosServiceRegistry.java:94 - De-registering from Nacos Server now...
2023-04-04 00:31:01,391 [SpringApplicationShutdownHook] INFO  [c.a.cloud.nacos.registry.NacosServiceRegistry] NacosServiceRegistry.java:114 - De-registration finished.
2023-04-04 00:31:01,728 [SpringApplicationShutdownHook] INFO  [com.alibaba.nacos.common.remote.client] RpcClient.java:454 - Shutdown rpc client, set status to shutdown
2023-04-04 00:31:01,728 [SpringApplicationShutdownHook] INFO  [com.alibaba.nacos.common.remote.client] RpcClient.java:456 - Shutdown client event executor java.util.concurrent.ScheduledThreadPoolExecutor@569ca36a[Running, pool size = 2, active threads = 2, queued tasks = 0, completed tasks = 0]
2023-04-04 00:31:01,728 [SpringApplicationShutdownHook] INFO  [com.alibaba.nacos.common.remote.client] RpcClient.java:591 - Close current connection 1680539381323_219.143.128.174_17803
2023-04-04 00:31:01,728 [nacos-grpc-client-executor-46] INFO  [c.a.nacos.common.remote.client.grpc.GrpcClient] LoggerUtils.java:60 - [1680539381323_219.143.128.174_17803]Ignore complete event,isRunning:false,isAbandon=false
2023-04-04 00:31:01,775 [SpringApplicationShutdownHook] INFO  [c.a.nacos.common.remote.client.grpc.GrpcClient] GrpcClient.java:85 - Shutdown grpc executor java.util.concurrent.ThreadPoolExecutor@12b59318[Running, pool size = 7, active threads = 0, queued tasks = 0, completed tasks = 47]
